Arguments: 
  C:\Program Files\nodejs\node.exe C:\Users\kondr\AppData\Roaming\npm\node_modules\yarn\bin\yarn.js add @fastify/next next react react-dom

PATH: 
  C:\Windows\system32;C:\Windows;C:\Windows\System32\Wbem;C:\Windows\System32\WindowsPowerShell\v1.0\;C:\Windows\System32\OpenSSH\;C:\Program Files\NVIDIA Corporation\NVIDIA NvDLISR;C:\Program Files (x86)\NVIDIA Corporation\PhysX\Common;C:\Program Files\nodejs\;C:\Program Files\Git\cmd;C:\ProgramData\chocolatey\bin;C:\Users\kondr\AppData\Local\Android\Sdk\platform-tools;C:\Program Files\OpenJDK\openjdk-11.0.15_10\bin;C:\Program Files\Microsoft SQL Server\150\Tools\Binn\;C:\Program Files\Microsoft SQL Server\Client SDK\ODBC\170\Tools\Binn\;C:\Program Files\dotnet\;%SystemRoot%\system32;%SystemRoot%;%SystemRoot%\System32\Wbem;%SYSTEMROOT%\System32\WindowsPowerShell\v1.0\;%SYSTEMROOT%\System32\OpenSSH\;C:\Users\kondr\AppData\Local\Microsoft\WindowsApps;C:\Users\kondr\AppData\Roaming\npm;C:\Users\kondr\AppData\Local\GitHubDesktop\bin;C:\Users\kondr\.dotnet\tools;C:\Users\kondr\AppData\Local\Programs\Microsoft VS Code\bin;C:\MinGW\bin;;C:\Users\kondr\AppData\Local\JetBrains\Toolbox\scripts;C:\Assistants-Center\Discord-Dashboard\node_modules\.bin

Yarn version: 
  1.22.18

Node version: 
  16.15.1

Platform: 
  win32 x64

Trace: 
  Error: https://registry.yarnpkg.com/@fastify%2fnext: Not found
      at Request.params.callback [as _callback] (C:\Users\kondr\AppData\Roaming\npm\node_modules\yarn\lib\cli.js:66138:18)
      at Request.self.callback (C:\Users\kondr\AppData\Roaming\npm\node_modules\yarn\lib\cli.js:140883:22)
      at Request.emit (node:events:527:28)
      at Request.<anonymous> (C:\Users\kondr\AppData\Roaming\npm\node_modules\yarn\lib\cli.js:141855:10)
      at Request.emit (node:events:527:28)
      at IncomingMessage.<anonymous> (C:\Users\kondr\AppData\Roaming\npm\node_modules\yarn\lib\cli.js:141777:12)
      at Object.onceWrapper (node:events:641:28)
      at IncomingMessage.emit (node:events:539:35)
      at endReadableNT (node:internal/streams/readable:1345:12)
      at processTicksAndRejections (node:internal/process/task_queues:83:21)

npm manifest: 
  {
    "name": "nextsample",
    "version": "1.0.0",
    "description": "",
    "main": "index.tsx",
    "scripts": {
      "test": "echo \"Error: no test specified\" && exit 1"
    },
    "keywords": [],
    "author": "",
    "license": "ISC"
  }

yarn manifest: 
  No manifest

Lockfile: 
  No lockfile
